
------------------------------------------------------------
Sender: LSF System <lsfadmin@n-62-21-105>
Subject: Job 7379094: <My_Application> in cluster <dcc> Done

Job <My_Application> was submitted from host <gbarlogin1> by user <s181320> in cluster <dcc> at Tue Jun 30 22:39:52 2020
Job was executed on host(s) <n-62-21-105>, in queue <hpc>, as user <s181320> in cluster <dcc> at Wed Jul  1 01:30:59 2020
</zhome/6e/9/133731> was used as the home directory.
</zhome/6e/9/133731/Desktop/Thesis/Thesis/Code/Coefficient_optimization/dds_optimization/Single_step_predictions/ARIMAX/S2> was used as the working directory.
Started at Wed Jul  1 01:30:59 2020
Terminated at Wed Jul  1 01:56:06 2020
Results reported at Wed Jul  1 01:56:06 2020

Your job looked like:

------------------------------------------------------------
# LSBATCH: User input
#!/bin/bash -l
#BSUB -env none
### -- Name of the job ---
#BSUB -J My_Application
### -- estimated wall clock time (execution time): hh:mm:ss --
#BSUB -W 12:00
### -- number of processors/cores/nodes --
#BSUB -M 2GB
#BSUB -n 1
#BSUB -o OandE/Output_%J.out
#BSUB -e OandE/Error_%J.err
#LSB_JOB_REPORT_MAIL=N
/appl/R/bin/R-3.5.1 CMD BATCH --vanilla  "-2203" "/zhome/6e/9/133731/Desktop/Thesis/Thesis/Code/Coefficient_optimization/dds_optimization/Single_step_predictions/ARIMAX/S2/CO_singlestep_ARIMAX_s2.r" "/zhome/6e/9/133731/Desktop/Thesis/Thesis/Code/Coefficient_optimization/dds_optimization/Single_step_predictions/ARIMAX/S2/OandE/job2203.Rout"

------------------------------------------------------------

Successfully completed.

Resource usage summary:

    CPU time :                                   1505.81 sec.
    Max Memory :                                 123 MB
    Average Memory :                             82.04 MB
    Total Requested Memory :                     2048.00 MB
    Delta Memory :                               1925.00 MB
    Max Swap :                                   -
    Max Processes :                              5
    Max Threads :                                6
    Run time :                                   1508 sec.
    Turnaround time :                            11774 sec.

The output (if any) is above this job summary.



PS:

Read file <OandE/Error_7379094.err> for stderr output of this job.

