
------------------------------------------------------------
Sender: LSF System <lsfadmin@n-62-21-102>
Subject: Job 7378760: <My_Application> in cluster <dcc> Done

Job <My_Application> was submitted from host <gbarlogin1> by user <s181320> in cluster <dcc> at Tue Jun 30 20:40:07 2020
Job was executed on host(s) <n-62-21-102>, in queue <hpc>, as user <s181320> in cluster <dcc> at Tue Jun 30 22:18:37 2020
</zhome/6e/9/133731> was used as the home directory.
</zhome/6e/9/133731/Desktop/Thesis/Thesis/Code/Coefficient_optimization/dds_optimization/Single_step_predictions/ARIMAX/S2> was used as the working directory.
Started at Tue Jun 30 22:18:37 2020
Terminated at Wed Jul  1 02:06:26 2020
Results reported at Wed Jul  1 02:06:26 2020

Your job looked like:

------------------------------------------------------------
# LSBATCH: User input
#!/bin/bash -l
#BSUB -env none
### -- Name of the job ---
#BSUB -J My_Application
### -- estimated wall clock time (execution time): hh:mm:ss --
#BSUB -W 12:00
### -- number of processors/cores/nodes --
#BSUB -M 2GB
#BSUB -n 1
#BSUB -o OandE/Output_%J.out
#BSUB -e OandE/Error_%J.err
#LSB_JOB_REPORT_MAIL=N
/appl/R/bin/R-3.5.1 CMD BATCH --vanilla  "-1934" "/zhome/6e/9/133731/Desktop/Thesis/Thesis/Code/Coefficient_optimization/dds_optimization/Single_step_predictions/ARIMAX/S2/CO_singlestep_ARIMAX_s2.r" "/zhome/6e/9/133731/Desktop/Thesis/Thesis/Code/Coefficient_optimization/dds_optimization/Single_step_predictions/ARIMAX/S2/OandE/job1934.Rout"

------------------------------------------------------------

Successfully completed.

Resource usage summary:

    CPU time :                                   13669.06 sec.
    Max Memory :                                 125 MB
    Average Memory :                             75.28 MB
    Total Requested Memory :                     2048.00 MB
    Delta Memory :                               1923.00 MB
    Max Swap :                                   -
    Max Processes :                              5
    Max Threads :                                6
    Run time :                                   13672 sec.
    Turnaround time :                            19579 sec.

The output (if any) is above this job summary.



PS:

Read file <OandE/Error_7378760.err> for stderr output of this job.

