
------------------------------------------------------------
Sender: LSF System <lsfadmin@n-62-21-103>
Subject: Job 7376193: <My_Application> in cluster <dcc> Done

Job <My_Application> was submitted from host <gbarlogin1> by user <s181320> in cluster <dcc> at Tue Jun 30 13:49:56 2020
Job was executed on host(s) <n-62-21-103>, in queue <hpc>, as user <s181320> in cluster <dcc> at Tue Jun 30 17:15:12 2020
</zhome/6e/9/133731> was used as the home directory.
</zhome/6e/9/133731/Desktop/Thesis/Thesis/Code/Coefficient_optimization/dds_optimization/Single_step_predictions/ARIMAX/S1> was used as the working directory.
Started at Tue Jun 30 17:15:12 2020
Terminated at Wed Jul  1 00:12:50 2020
Results reported at Wed Jul  1 00:12:50 2020

Your job looked like:

------------------------------------------------------------
# LSBATCH: User input
#!/bin/bash -l
#BSUB -env none
### -- Name of the job ---
#BSUB -J My_Application
### -- estimated wall clock time (execution time): hh:mm:ss --
#BSUB -W 12:00
### -- number of processors/cores/nodes --
#BSUB -M 2GB
#BSUB -n 1
#BSUB -o OandE/Output_%J.out
#BSUB -e OandE/Error_%J.err
#LSB_JOB_REPORT_MAIL=N
/appl/R/bin/R-3.5.1 CMD BATCH --vanilla  "-2427" "/zhome/6e/9/133731/Desktop/Thesis/Thesis/Code/Coefficient_optimization/dds_optimization/Single_step_predictions/ARIMAX/S1/CO_singlestep_ARIMAX_s1.r" "/zhome/6e/9/133731/Desktop/Thesis/Thesis/Code/Coefficient_optimization/dds_optimization/Single_step_predictions/ARIMAX/S1/OandE/job2427.Rout"

------------------------------------------------------------

Successfully completed.

Resource usage summary:

    CPU time :                                   25056.02 sec.
    Max Memory :                                 127 MB
    Average Memory :                             77.08 MB
    Total Requested Memory :                     2048.00 MB
    Delta Memory :                               1921.00 MB
    Max Swap :                                   -
    Max Processes :                              5
    Max Threads :                                6
    Run time :                                   25058 sec.
    Turnaround time :                            37374 sec.

The output (if any) is above this job summary.



PS:

Read file <OandE/Error_7376193.err> for stderr output of this job.

