
------------------------------------------------------------
Sender: LSF System <lsfadmin@n-62-23-22>
Subject: Job 7373560: <My_Application> in cluster <dcc> Done

Job <My_Application> was submitted from host <gbarlogin1> by user <s181320> in cluster <dcc> at Tue Jun 30 11:49:42 2020
Job was executed on host(s) <n-62-23-22>, in queue <hpc>, as user <s181320> in cluster <dcc> at Tue Jun 30 11:49:44 2020
</zhome/6e/9/133731> was used as the home directory.
</zhome/6e/9/133731/Desktop/Thesis/Thesis/Code/Coefficient_optimization/dds_optimization/Single_step_predictions/ARIMAX/S1> was used as the working directory.
Started at Tue Jun 30 11:49:44 2020
Terminated at Tue Jun 30 11:52:58 2020
Results reported at Tue Jun 30 11:52:58 2020

Your job looked like:

------------------------------------------------------------
# LSBATCH: User input
#!/bin/bash -l
#BSUB -env none
### -- Name of the job ---
#BSUB -J My_Application
### -- estimated wall clock time (execution time): hh:mm:ss --
#BSUB -W 12:00
### -- number of processors/cores/nodes --
#BSUB -M 2GB
#BSUB -n 1
#BSUB -o OandE/Output_%J.out
#BSUB -e OandE/Error_%J.err
#LSB_JOB_REPORT_MAIL=N
/appl/R/bin/R-3.5.1 CMD BATCH --vanilla  "-89" "/zhome/6e/9/133731/Desktop/Thesis/Thesis/Code/Coefficient_optimization/dds_optimization/Single_step_predictions/ARIMAX/S1/CO_singlestep_ARIMAX_s1.r" "/zhome/6e/9/133731/Desktop/Thesis/Thesis/Code/Coefficient_optimization/dds_optimization/Single_step_predictions/ARIMAX/S1/OandE/job89.Rout"

------------------------------------------------------------

Successfully completed.

Resource usage summary:

    CPU time :                                   193.88 sec.
    Max Memory :                                 113 MB
    Average Memory :                             104.78 MB
    Total Requested Memory :                     2048.00 MB
    Delta Memory :                               1935.00 MB
    Max Swap :                                   -
    Max Processes :                              5
    Max Threads :                                6
    Run time :                                   203 sec.
    Turnaround time :                            196 sec.

The output (if any) is above this job summary.



PS:

Read file <OandE/Error_7373560.err> for stderr output of this job.

