
------------------------------------------------------------
Sender: LSF System <lsfadmin@n-62-21-108>
Subject: Job 7105196: <My_Application> in cluster <dcc> Done

Job <My_Application> was submitted from host <gbarlogin1> by user <s181320> in cluster <dcc> at Tue Jun  9 18:01:23 2020
Job was executed on host(s) <n-62-21-108>, in queue <hpc>, as user <s181320> in cluster <dcc> at Tue Jun  9 18:02:54 2020
</zhome/6e/9/133731> was used as the home directory.
</zhome/6e/9/133731/Desktop/Thesis/Thesis/Code/Coefficient_optimization/dds_optimization/Single_step_predictions/ARIMA/S2> was used as the working directory.
Started at Tue Jun  9 18:02:54 2020
Terminated at Tue Jun  9 18:07:24 2020
Results reported at Tue Jun  9 18:07:24 2020

Your job looked like:

------------------------------------------------------------
# LSBATCH: User input
#!/bin/bash -l
#BSUB -env none
### -- Name of the job ---
#BSUB -J My_Application
### -- estimated wall clock time (execution time): hh:mm:ss --
#BSUB -W 12:00
### -- number of processors/cores/nodes --
#BSUB -M 2GB
#BSUB -n 1
#BSUB -o OandE/Output_%J.out
#BSUB -e OandE/Error_%J.err
#LSB_JOB_REPORT_MAIL=N
/appl/R/bin/R-3.5.1 CMD BATCH --vanilla  "-68" "/zhome/6e/9/133731/Desktop/Thesis/Thesis/Code/Coefficient_optimization/dds_optimization/Single_step_predictions/ARIMA/S2/CO_singlestep_ARIMA_S2.r" "/zhome/6e/9/133731/Desktop/Thesis/Thesis/Code/Coefficient_optimization/dds_optimization/Single_step_predictions/ARIMA/S2/OandE/job68.Rout"

------------------------------------------------------------

Successfully completed.

Resource usage summary:

    CPU time :                                   268.85 sec.
    Max Memory :                                 90 MB
    Average Memory :                             81.30 MB
    Total Requested Memory :                     2048.00 MB
    Delta Memory :                               1958.00 MB
    Max Swap :                                   -
    Max Processes :                              5
    Max Threads :                                6
    Run time :                                   271 sec.
    Turnaround time :                            361 sec.

The output (if any) is above this job summary.



PS:

Read file <OandE/Error_7105196.err> for stderr output of this job.

