
------------------------------------------------------------
Sender: LSF System <lsfadmin@n-62-28-28>
Subject: Job 7843836: <My_Application> in cluster <dcc> Exited

Job <My_Application> was submitted from host <gbarlogin1> by user <s181320> in cluster <dcc> at Thu Jul 30 13:16:17 2020
Job was executed on host(s) <n-62-28-28>, in queue <hpc>, as user <s181320> in cluster <dcc> at Thu Jul 30 14:41:12 2020
</zhome/6e/9/133731> was used as the home directory.
</zhome/6e/9/133731/Desktop/UpdateMS/Code/Coefficient_optimization/dds_optimization/Multi_step_predictions/ARIMAX/S1> was used as the working directory.
Started at Thu Jul 30 14:41:12 2020
Terminated at Fri Jul 31 02:41:30 2020
Results reported at Fri Jul 31 02:41:30 2020

Your job looked like:

------------------------------------------------------------
# LSBATCH: User input
#!/bin/bash -l
#BSUB -env none
### -- Name of the job ---
#BSUB -J My_Application
### -- estimated wall clock time (execution time): hh:mm:ss --
#BSUB -W 12:00
### -- number of processors/cores/nodes --
#BSUB -M 2GB
#BSUB -n 1
#BSUB -o OandE/Output_%J.out
#BSUB -e OandE/Error_%J.err
#LSB_JOB_REPORT_MAIL=N
/appl/R/bin/R-3.5.1 CMD BATCH --vanilla  "-2257" "/zhome/6e/9/133731/Desktop/UpdateMS/Code/Coefficient_optimization/dds_optimization/Multi_step_predictions/ARIMAX/S1/CO_ARIMAX_s1.r" "/zhome/6e/9/133731/Desktop/UpdateMS/Code/Coefficient_optimization/dds_optimization/Multi_step_predictions/ARIMAX/S1/OandE/job2257.Rout"

------------------------------------------------------------

TERM_RUNLIMIT: job killed after reaching LSF run time limit.
Exited with exit code 140.

Resource usage summary:

    CPU time :                                   43205.00 sec.
    Max Memory :                                 77 MB
    Average Memory :                             71.85 MB
    Total Requested Memory :                     2048.00 MB
    Delta Memory :                               1971.00 MB
    Max Swap :                                   -
    Max Processes :                              5
    Max Threads :                                6
    Run time :                                   43217 sec.
    Turnaround time :                            48313 sec.

The output (if any) is above this job summary.



PS:

Read file <OandE/Error_7843836.err> for stderr output of this job.

