
------------------------------------------------------------
Sender: LSF System <lsfadmin@n-62-21-100>
Subject: Job 7822840: <My_Application> in cluster <dcc> Done

Job <My_Application> was submitted from host <gbarlogin1> by user <s181320> in cluster <dcc> at Wed Jul 29 15:06:24 2020
Job was executed on host(s) <n-62-21-100>, in queue <hpc>, as user <s181320> in cluster <dcc> at Thu Jul 30 03:40:37 2020
</zhome/6e/9/133731> was used as the home directory.
</zhome/6e/9/133731/Desktop/UpdateMS/Code/Coefficient_optimization/neldermead_optimization/Multi_step_predictions/Job_splitting/ARIMA/S1> was used as the working directory.
Started at Thu Jul 30 03:40:37 2020
Terminated at Thu Jul 30 04:42:14 2020
Results reported at Thu Jul 30 04:42:14 2020

Your job looked like:

------------------------------------------------------------
# LSBATCH: User input

#!/bin/bash -l
#BSUB -env none
### -- Name of the job ---
#BSUB -J My_Application
### -- estimated wall clock time (execution time): hh:mm:ss --
#BSUB -W 12:00
### -- number of processors/cores/nodes --
#BSUB -M 2GB
#BSUB -n 1
#BSUB -o OandE/Output_%J.out
#BSUB -e OandE/Error_%J.err
#BSUB LSB_JOB_REPORT_MAIL=N 

/appl/R/bin/R-3.5.1 CMD BATCH --vanilla  "-69" "/zhome/6e/9/133731/Desktop/UpdateMS/Code/Coefficient_optimization/neldermead_optimization/Multi_step_predictions/Job_splitting/ARIMA/S1/CO_ARIMA_s1.r" "/zhome/6e/9/133731/Desktop/UpdateMS/Code/Coefficient_optimization/neldermead_optimization/Multi_step_predictions/Job_splitting/ARIMA/S1/OandE/job69.Rout"

------------------------------------------------------------

Successfully completed.

Resource usage summary:

    CPU time :                                   3696.02 sec.
    Max Memory :                                 155 MB
    Average Memory :                             132.46 MB
    Total Requested Memory :                     2048.00 MB
    Delta Memory :                               1893.00 MB
    Max Swap :                                   -
    Max Processes :                              5
    Max Threads :                                6
    Run time :                                   3697 sec.
    Turnaround time :                            48950 sec.

The output (if any) is above this job summary.



PS:

Read file <OandE/Error_7822840.err> for stderr output of this job.

