
------------------------------------------------------------
Sender: LSF System <lsfadmin@n-62-21-107>
Subject: Job 7822784: <My_Application> in cluster <dcc> Done

Job <My_Application> was submitted from host <gbarlogin1> by user <s181320> in cluster <dcc> at Wed Jul 29 15:05:19 2020
Job was executed on host(s) <n-62-21-107>, in queue <hpc>, as user <s181320> in cluster <dcc> at Thu Jul 30 02:49:03 2020
</zhome/6e/9/133731> was used as the home directory.
</zhome/6e/9/133731/Desktop/UpdateMS/Code/Coefficient_optimization/neldermead_optimization/Multi_step_predictions/Job_splitting/ARIMA/S1> was used as the working directory.
Started at Thu Jul 30 02:49:03 2020
Terminated at Thu Jul 30 02:49:49 2020
Results reported at Thu Jul 30 02:49:49 2020

Your job looked like:

------------------------------------------------------------
# LSBATCH: User input

#!/bin/bash -l
#BSUB -env none
### -- Name of the job ---
#BSUB -J My_Application
### -- estimated wall clock time (execution time): hh:mm:ss --
#BSUB -W 12:00
### -- number of processors/cores/nodes --
#BSUB -M 2GB
#BSUB -n 1
#BSUB -o OandE/Output_%J.out
#BSUB -e OandE/Error_%J.err
#BSUB LSB_JOB_REPORT_MAIL=N 

/appl/R/bin/R-3.5.1 CMD BATCH --vanilla  "-13" "/zhome/6e/9/133731/Desktop/UpdateMS/Code/Coefficient_optimization/neldermead_optimization/Multi_step_predictions/Job_splitting/ARIMA/S1/CO_ARIMA_s1.r" "/zhome/6e/9/133731/Desktop/UpdateMS/Code/Coefficient_optimization/neldermead_optimization/Multi_step_predictions/Job_splitting/ARIMA/S1/OandE/job13.Rout"

------------------------------------------------------------

Successfully completed.

Resource usage summary:

    CPU time :                                   46.24 sec.
    Max Memory :                                 136 MB
    Average Memory :                             133.00 MB
    Total Requested Memory :                     2048.00 MB
    Delta Memory :                               1912.00 MB
    Max Swap :                                   -
    Max Processes :                              5
    Max Threads :                                6
    Run time :                                   48 sec.
    Turnaround time :                            42270 sec.

The output (if any) is above this job summary.



PS:

Read file <OandE/Error_7822784.err> for stderr output of this job.

