
------------------------------------------------------------
Sender: LSF System <lsfadmin@n-62-21-108>
Subject: Job 7821153: <My_Application> in cluster <dcc> Exited

Job <My_Application> was submitted from host <gbarlogin1> by user <s181320> in cluster <dcc> at Wed Jul 29 07:32:28 2020
Job was executed on host(s) <n-62-21-108>, in queue <hpc>, as user <s181320> in cluster <dcc> at Wed Jul 29 08:26:07 2020
</zhome/6e/9/133731> was used as the home directory.
</zhome/6e/9/133731/Desktop/UpdateMS/Code/Coefficient_optimization/neldermead_optimization/Multi_step_predictions/Job_splitting/ARIMAX/S1> was used as the working directory.
Started at Wed Jul 29 08:26:07 2020
Terminated at Wed Jul 29 09:24:13 2020
Results reported at Wed Jul 29 09:24:13 2020

Your job looked like:

------------------------------------------------------------
# LSBATCH: User input
#!/bin/bash -l
#BSUB -env none
### -- Name of the job ---
#BSUB -J My_Application
### -- estimated wall clock time (execution time): hh:mm:ss --
#BSUB -W 12:00
### -- number of processors/cores/nodes --
#BSUB -M 2GB
#BSUB -n 1
#BSUB -o OandE/Output_%J.out
#BSUB -e OandE/Error_%J.err
#LSB_JOB_REPORT_MAIL=N
/appl/R/bin/R-3.5.1 CMD BATCH --vanilla  "-1335" "/zhome/6e/9/133731/Desktop/UpdateMS/Code/Coefficient_optimization/neldermead_optimization/Multi_step_predictions/Job_splitting/ARIMAX/S1/CO_ARIMAX_s1.r" "/zhome/6e/9/133731/Desktop/UpdateMS/Code/Coefficient_optimization/neldermead_optimization/Multi_step_predictions/Job_splitting/ARIMAX/S1/OandE/job1335.Rout"

------------------------------------------------------------

Exited with exit code 1.

Resource usage summary:

    CPU time :                                   3485.03 sec.
    Max Memory :                                 168 MB
    Average Memory :                             143.69 MB
    Total Requested Memory :                     2048.00 MB
    Delta Memory :                               1880.00 MB
    Max Swap :                                   -
    Max Processes :                              5
    Max Threads :                                6
    Run time :                                   3487 sec.
    Turnaround time :                            6705 sec.

The output (if any) is above this job summary.



PS:

Read file <OandE/Error_7821153.err> for stderr output of this job.

