
------------------------------------------------------------
Sender: LSF System <lsfadmin@n-62-30-24>
Subject: Job 7822313: <My_Application> in cluster <dcc> Done

Job <My_Application> was submitted from host <gbarlogin1> by user <s181320> in cluster <dcc> at Wed Jul 29 11:49:04 2020
Job was executed on host(s) <n-62-30-24>, in queue <hpc>, as user <s181320> in cluster <dcc> at Wed Jul 29 20:00:09 2020
</zhome/6e/9/133731> was used as the home directory.
</zhome/6e/9/133731/Desktop/UpdateMS/Code/Coefficient_optimization/neldermead_optimization/Multi_step_predictions/Job_splitting/ARIMAX/S1> was used as the working directory.
Started at Wed Jul 29 20:00:09 2020
Terminated at Wed Jul 29 21:31:19 2020
Results reported at Wed Jul 29 21:31:19 2020

Your job looked like:

------------------------------------------------------------
# LSBATCH: User input
#!/bin/bash -l
#BSUB -env none
### -- Name of the job ---
#BSUB -J My_Application
### -- estimated wall clock time (execution time): hh:mm:ss --
#BSUB -W 12:00
### -- number of processors/cores/nodes --
#BSUB -M 2GB
#BSUB -n 1
#BSUB -o OandE/Output_%J.out
#BSUB -e OandE/Error_%J.err
#LSB_JOB_REPORT_MAIL=N
/appl/R/bin/R-3.5.1 CMD BATCH --vanilla  "-2201" "/zhome/6e/9/133731/Desktop/UpdateMS/Code/Coefficient_optimization/neldermead_optimization/Multi_step_predictions/Job_splitting/ARIMAX/S1/CO_ARIMAX_s1.r" "/zhome/6e/9/133731/Desktop/UpdateMS/Code/Coefficient_optimization/neldermead_optimization/Multi_step_predictions/Job_splitting/ARIMAX/S1/OandE/job2201.Rout"

------------------------------------------------------------

Successfully completed.

Resource usage summary:

    CPU time :                                   5455.70 sec.
    Max Memory :                                 155 MB
    Average Memory :                             133.97 MB
    Total Requested Memory :                     2048.00 MB
    Delta Memory :                               1893.00 MB
    Max Swap :                                   -
    Max Processes :                              5
    Max Threads :                                6
    Run time :                                   5473 sec.
    Turnaround time :                            34935 sec.

The output (if any) is above this job summary.



PS:

Read file <OandE/Error_7822313.err> for stderr output of this job.

