
------------------------------------------------------------
Sender: LSF System <lsfadmin@n-62-21-101>
Subject: Job 7354394: <My_Application> in cluster <dcc> Exited

Job <My_Application> was submitted from host <gbarlogin1> by user <s181320> in cluster <dcc> at Sat Jun 27 23:01:00 2020
Job was executed on host(s) <n-62-21-101>, in queue <hpc>, as user <s181320> in cluster <dcc> at Sun Jun 28 05:51:10 2020
</zhome/6e/9/133731> was used as the home directory.
</zhome/6e/9/133731/Desktop/Thesis/Thesis/Code/Coefficient_optimization/neldermead_optimization/Single_step_predictions/ARIMAX/S1> was used as the working directory.
Started at Sun Jun 28 05:51:10 2020
Terminated at Sun Jun 28 17:51:39 2020
Results reported at Sun Jun 28 17:51:39 2020

Your job looked like:

------------------------------------------------------------
# LSBATCH: User input
#!/bin/bash -l
#BSUB -env none
### -- Name of the job ---
#BSUB -J My_Application
### -- estimated wall clock time (execution time): hh:mm:ss --
#BSUB -W 12:00
### -- number of processors/cores/nodes --
#BSUB -M 2GB
#BSUB -n 1
#BSUB -o OandE/Output_%J.out
#BSUB -e OandE/Error_%J.err
#LSB_JOB_REPORT_MAIL=N
/appl/R/bin/R-3.5.1 CMD BATCH --vanilla  "-1943" "/zhome/6e/9/133731/Desktop/Thesis/Thesis/Code/Coefficient_optimization/neldermead_optimization/Single_step_predictions/ARIMAX/S1/CO_singlestep_ARIMAX_S1.r" "/zhome/6e/9/133731/Desktop/Thesis/Thesis/Code/Coefficient_optimization/neldermead_optimization/Single_step_predictions/ARIMAX/S1/OandE/job1943.Rout"

------------------------------------------------------------

TERM_RUNLIMIT: job killed after reaching LSF run time limit.
Exited with exit code 140.

Resource usage summary:

    CPU time :                                   43218.00 sec.
    Max Memory :                                 129 MB
    Average Memory :                             80.47 MB
    Total Requested Memory :                     2048.00 MB
    Delta Memory :                               1919.00 MB
    Max Swap :                                   -
    Max Processes :                              5
    Max Threads :                                6
    Run time :                                   43230 sec.
    Turnaround time :                            67839 sec.

The output (if any) is above this job summary.



PS:

Read file <OandE/Error_7354394.err> for stderr output of this job.

