
------------------------------------------------------------
Sender: LSF System <lsfadmin@n-62-23-24>
Subject: Job 7353828: <My_Application> in cluster <dcc> Done

Job <My_Application> was submitted from host <gbarlogin1> by user <s181320> in cluster <dcc> at Sat Jun 27 22:45:12 2020
Job was executed on host(s) <n-62-23-24>, in queue <hpc>, as user <s181320> in cluster <dcc> at Sun Jun 28 02:29:48 2020
</zhome/6e/9/133731> was used as the home directory.
</zhome/6e/9/133731/Desktop/Thesis/Thesis/Code/Coefficient_optimization/neldermead_optimization/Single_step_predictions/ARIMAX/S1> was used as the working directory.
Started at Sun Jun 28 02:29:48 2020
Terminated at Sun Jun 28 03:11:50 2020
Results reported at Sun Jun 28 03:11:50 2020

Your job looked like:

------------------------------------------------------------
# LSBATCH: User input
#!/bin/bash -l
#BSUB -env none
### -- Name of the job ---
#BSUB -J My_Application
### -- estimated wall clock time (execution time): hh:mm:ss --
#BSUB -W 12:00
### -- number of processors/cores/nodes --
#BSUB -M 2GB
#BSUB -n 1
#BSUB -o OandE/Output_%J.out
#BSUB -e OandE/Error_%J.err
#LSB_JOB_REPORT_MAIL=N
/appl/R/bin/R-3.5.1 CMD BATCH --vanilla  "-1645" "/zhome/6e/9/133731/Desktop/Thesis/Thesis/Code/Coefficient_optimization/neldermead_optimization/Single_step_predictions/ARIMAX/S1/CO_singlestep_ARIMAX_S1.r" "/zhome/6e/9/133731/Desktop/Thesis/Thesis/Code/Coefficient_optimization/neldermead_optimization/Single_step_predictions/ARIMAX/S1/OandE/job1645.Rout"

------------------------------------------------------------

Successfully completed.

Resource usage summary:

    CPU time :                                   2521.39 sec.
    Max Memory :                                 126 MB
    Average Memory :                             118.53 MB
    Total Requested Memory :                     2048.00 MB
    Delta Memory :                               1922.00 MB
    Max Swap :                                   -
    Max Processes :                              5
    Max Threads :                                6
    Run time :                                   2536 sec.
    Turnaround time :                            15998 sec.

The output (if any) is above this job summary.



PS:

Read file <OandE/Error_7353828.err> for stderr output of this job.

