
------------------------------------------------------------
Sender: LSF System <lsfadmin@n-62-21-101>
Subject: Job 7356746: <My_Application> in cluster <dcc> Done

Job <My_Application> was submitted from host <gbarlogin1> by user <s181320> in cluster <dcc> at Sun Jun 28 02:51:00 2020
Job was executed on host(s) <n-62-21-101>, in queue <hpc>, as user <s181320> in cluster <dcc> at Sun Jun 28 13:36:46 2020
</zhome/6e/9/133731> was used as the home directory.
</zhome/6e/9/133731/Desktop/Thesis/Thesis/Code/Coefficient_optimization/neldermead_optimization/Single_step_predictions/ARIMAX/S1> was used as the working directory.
Started at Sun Jun 28 13:36:46 2020
Terminated at Sun Jun 28 14:59:59 2020
Results reported at Sun Jun 28 14:59:59 2020

Your job looked like:

------------------------------------------------------------
# LSBATCH: User input
#!/bin/bash -l
#BSUB -env none
### -- Name of the job ---
#BSUB -J My_Application
### -- estimated wall clock time (execution time): hh:mm:ss --
#BSUB -W 12:00
### -- number of processors/cores/nodes --
#BSUB -M 2GB
#BSUB -n 1
#BSUB -o OandE/Output_%J.out
#BSUB -e OandE/Error_%J.err
#LSB_JOB_REPORT_MAIL=N
/appl/R/bin/R-3.5.1 CMD BATCH --vanilla  "-2243" "/zhome/6e/9/133731/Desktop/Thesis/Thesis/Code/Coefficient_optimization/neldermead_optimization/Single_step_predictions/ARIMAX/S1/CO_singlestep_ARIMAX_S1.r" "/zhome/6e/9/133731/Desktop/Thesis/Thesis/Code/Coefficient_optimization/neldermead_optimization/Single_step_predictions/ARIMAX/S1/OandE/job2243.Rout"

------------------------------------------------------------

Successfully completed.

Resource usage summary:

    CPU time :                                   4991.81 sec.
    Max Memory :                                 129 MB
    Average Memory :                             117.59 MB
    Total Requested Memory :                     2048.00 MB
    Delta Memory :                               1919.00 MB
    Max Swap :                                   -
    Max Processes :                              5
    Max Threads :                                6
    Run time :                                   4993 sec.
    Turnaround time :                            43739 sec.

The output (if any) is above this job summary.



PS:

Read file <OandE/Error_7356746.err> for stderr output of this job.

