
------------------------------------------------------------
Sender: LSF System <lsfadmin@n-62-21-107>
Subject: Job 7369012: <My_Application> in cluster <dcc> Done

Job <My_Application> was submitted from host <gbarlogin1> by user <s181320> in cluster <dcc> at Mon Jun 29 11:37:49 2020
Job was executed on host(s) <n-62-21-107>, in queue <hpc>, as user <s181320> in cluster <dcc> at Mon Jun 29 18:37:40 2020
</zhome/6e/9/133731> was used as the home directory.
</zhome/6e/9/133731/Desktop/Thesis/Thesis/Code/Coefficient_optimization/neldermead_optimization/Single_step_predictions/ARIMAX/S2> was used as the working directory.
Started at Mon Jun 29 18:37:40 2020
Terminated at Mon Jun 29 19:01:04 2020
Results reported at Mon Jun 29 19:01:04 2020

Your job looked like:

------------------------------------------------------------
# LSBATCH: User input
#!/bin/bash -l
#BSUB -env none
### -- Name of the job ---
#BSUB -J My_Application
### -- estimated wall clock time (execution time): hh:mm:ss --
#BSUB -W 12:00
### -- number of processors/cores/nodes --
#BSUB -M 2GB
#BSUB -n 1
#BSUB -o OandE/Output_%J.out
#BSUB -e OandE/Error_%J.err
#LSB_JOB_REPORT_MAIL=N
/appl/R/bin/R-3.5.1 CMD BATCH --vanilla  "-2121" "/zhome/6e/9/133731/Desktop/Thesis/Thesis/Code/Coefficient_optimization/neldermead_optimization/Single_step_predictions/ARIMAX/S2/CO_singlestep_ARIMAX_S2.r" "/zhome/6e/9/133731/Desktop/Thesis/Thesis/Code/Coefficient_optimization/neldermead_optimization/Single_step_predictions/ARIMAX/S2/OandE/job2121.Rout"

------------------------------------------------------------

Successfully completed.

Resource usage summary:

    CPU time :                                   1403.65 sec.
    Max Memory :                                 134 MB
    Average Memory :                             125.13 MB
    Total Requested Memory :                     2048.00 MB
    Delta Memory :                               1914.00 MB
    Max Swap :                                   -
    Max Processes :                              5
    Max Threads :                                6
    Run time :                                   1404 sec.
    Turnaround time :                            26595 sec.

The output (if any) is above this job summary.



PS:

Read file <OandE/Error_7369012.err> for stderr output of this job.

