
------------------------------------------------------------
Sender: LSF System <lsfadmin@n-62-21-103>
Subject: Job 7365062: <My_Application> in cluster <dcc> Done

Job <My_Application> was submitted from host <gbarlogin1> by user <s181320> in cluster <dcc> at Sun Jun 28 20:16:07 2020
Job was executed on host(s) <n-62-21-103>, in queue <hpc>, as user <s181320> in cluster <dcc> at Sun Jun 28 21:11:32 2020
</zhome/6e/9/133731> was used as the home directory.
</zhome/6e/9/133731/Desktop/Thesis/Thesis/Code/Coefficient_optimization/neldermead_optimization/Single_step_predictions/ARIMAX/S2> was used as the working directory.
Started at Sun Jun 28 21:11:32 2020
Terminated at Sun Jun 28 21:47:43 2020
Results reported at Sun Jun 28 21:47:43 2020

Your job looked like:

------------------------------------------------------------
# LSBATCH: User input
#!/bin/bash -l
#BSUB -env none
### -- Name of the job ---
#BSUB -J My_Application
### -- estimated wall clock time (execution time): hh:mm:ss --
#BSUB -W 12:00
### -- number of processors/cores/nodes --
#BSUB -M 2GB
#BSUB -n 1
#BSUB -o OandE/Output_%J.out
#BSUB -e OandE/Error_%J.err
#LSB_JOB_REPORT_MAIL=N
/appl/R/bin/R-3.5.1 CMD BATCH --vanilla  "-79" "/zhome/6e/9/133731/Desktop/Thesis/Thesis/Code/Coefficient_optimization/neldermead_optimization/Single_step_predictions/ARIMAX/S2/CO_singlestep_ARIMAX_S2.r" "/zhome/6e/9/133731/Desktop/Thesis/Thesis/Code/Coefficient_optimization/neldermead_optimization/Single_step_predictions/ARIMAX/S2/OandE/job79.Rout"

------------------------------------------------------------

Successfully completed.

Resource usage summary:

    CPU time :                                   2169.73 sec.
    Max Memory :                                 116 MB
    Average Memory :                             110.96 MB
    Total Requested Memory :                     2048.00 MB
    Delta Memory :                               1932.00 MB
    Max Swap :                                   -
    Max Processes :                              5
    Max Threads :                                6
    Run time :                                   2172 sec.
    Turnaround time :                            5496 sec.

The output (if any) is above this job summary.



PS:

Read file <OandE/Error_7365062.err> for stderr output of this job.

