
------------------------------------------------------------
Sender: LSF System <lsfadmin@n-62-21-107>
Subject: Job 7366272: <My_Application> in cluster <dcc> Done

Job <My_Application> was submitted from host <gbarlogin1> by user <s181320> in cluster <dcc> at Sun Jun 28 22:41:35 2020
Job was executed on host(s) <n-62-21-107>, in queue <hpc>, as user <s181320> in cluster <dcc> at Mon Jun 29 05:00:19 2020
</zhome/6e/9/133731> was used as the home directory.
</zhome/6e/9/133731/Desktop/Thesis/Thesis/Code/Coefficient_optimization/neldermead_optimization/Single_step_predictions/ARIMAX/S2> was used as the working directory.
Started at Mon Jun 29 05:00:19 2020
Terminated at Mon Jun 29 05:00:21 2020
Results reported at Mon Jun 29 05:00:21 2020

Your job looked like:

------------------------------------------------------------
# LSBATCH: User input
#!/bin/bash -l
#BSUB -env none
### -- Name of the job ---
#BSUB -J My_Application
### -- estimated wall clock time (execution time): hh:mm:ss --
#BSUB -W 12:00
### -- number of processors/cores/nodes --
#BSUB -M 2GB
#BSUB -n 1
#BSUB -o OandE/Output_%J.out
#BSUB -e OandE/Error_%J.err
#LSB_JOB_REPORT_MAIL=N
/appl/R/bin/R-3.5.1 CMD BATCH --vanilla  "-973" "/zhome/6e/9/133731/Desktop/Thesis/Thesis/Code/Coefficient_optimization/neldermead_optimization/Single_step_predictions/ARIMAX/S2/CO_singlestep_ARIMAX_S2.r" "/zhome/6e/9/133731/Desktop/Thesis/Thesis/Code/Coefficient_optimization/neldermead_optimization/Single_step_predictions/ARIMAX/S2/OandE/job973.Rout"

------------------------------------------------------------

Successfully completed.

Resource usage summary:

    CPU time :                                   1.42 sec.
    Max Memory :                                 -
    Average Memory :                             -
    Total Requested Memory :                     2048.00 MB
    Delta Memory :                               -
    Max Swap :                                   -
    Max Processes :                              -
    Max Threads :                                -
    Run time :                                   3 sec.
    Turnaround time :                            22726 sec.

The output (if any) is above this job summary.



PS:

Read file <OandE/Error_7366272.err> for stderr output of this job.

