
------------------------------------------------------------
Sender: LSF System <lsfadmin@n-62-21-98>
Subject: Job 7368807: <My_Application> in cluster <dcc> Exited

Job <My_Application> was submitted from host <gbarlogin1> by user <s181320> in cluster <dcc> at Mon Jun 29 11:35:32 2020
Job was executed on host(s) <n-62-21-98>, in queue <hpc>, as user <s181320> in cluster <dcc> at Mon Jun 29 14:46:21 2020
</zhome/6e/9/133731> was used as the home directory.
</zhome/6e/9/133731/Desktop/Thesis/Thesis/Code/Coefficient_optimization/neldermead_optimization/Single_step_predictions/ARIMAX/S2> was used as the working directory.
Started at Mon Jun 29 14:46:21 2020
Terminated at Tue Jun 30 02:46:50 2020
Results reported at Tue Jun 30 02:46:50 2020

Your job looked like:

------------------------------------------------------------
# LSBATCH: User input
#!/bin/bash -l
#BSUB -env none
### -- Name of the job ---
#BSUB -J My_Application
### -- estimated wall clock time (execution time): hh:mm:ss --
#BSUB -W 12:00
### -- number of processors/cores/nodes --
#BSUB -M 2GB
#BSUB -n 1
#BSUB -o OandE/Output_%J.out
#BSUB -e OandE/Error_%J.err
#LSB_JOB_REPORT_MAIL=N
/appl/R/bin/R-3.5.1 CMD BATCH --vanilla  "-1917" "/zhome/6e/9/133731/Desktop/Thesis/Thesis/Code/Coefficient_optimization/neldermead_optimization/Single_step_predictions/ARIMAX/S2/CO_singlestep_ARIMAX_S2.r" "/zhome/6e/9/133731/Desktop/Thesis/Thesis/Code/Coefficient_optimization/neldermead_optimization/Single_step_predictions/ARIMAX/S2/OandE/job1917.Rout"

------------------------------------------------------------

TERM_RUNLIMIT: job killed after reaching LSF run time limit.
Exited with exit code 140.

Resource usage summary:

    CPU time :                                   43223.00 sec.
    Max Memory :                                 129 MB
    Average Memory :                             109.56 MB
    Total Requested Memory :                     2048.00 MB
    Delta Memory :                               1919.00 MB
    Max Swap :                                   -
    Max Processes :                              5
    Max Threads :                                6
    Run time :                                   43230 sec.
    Turnaround time :                            54678 sec.

The output (if any) is above this job summary.



PS:

Read file <OandE/Error_7368807.err> for stderr output of this job.

