
------------------------------------------------------------
Sender: LSF System <lsfadmin@n-62-21-108>
Subject: Job 7369317: <My_Application> in cluster <dcc> Exited

Job <My_Application> was submitted from host <gbarlogin1> by user <s181320> in cluster <dcc> at Mon Jun 29 11:41:08 2020
Job was executed on host(s) <n-62-21-108>, in queue <hpc>, as user <s181320> in cluster <dcc> at Tue Jun 30 04:48:49 2020
</zhome/6e/9/133731> was used as the home directory.
</zhome/6e/9/133731/Desktop/Thesis/Thesis/Code/Coefficient_optimization/neldermead_optimization/Single_step_predictions/ARIMAX/S2> was used as the working directory.
Started at Tue Jun 30 04:48:49 2020
Terminated at Tue Jun 30 16:49:18 2020
Results reported at Tue Jun 30 16:49:18 2020

Your job looked like:

------------------------------------------------------------
# LSBATCH: User input
#!/bin/bash -l
#BSUB -env none
### -- Name of the job ---
#BSUB -J My_Application
### -- estimated wall clock time (execution time): hh:mm:ss --
#BSUB -W 12:00
### -- number of processors/cores/nodes --
#BSUB -M 2GB
#BSUB -n 1
#BSUB -o OandE/Output_%J.out
#BSUB -e OandE/Error_%J.err
#LSB_JOB_REPORT_MAIL=N
/appl/R/bin/R-3.5.1 CMD BATCH --vanilla  "-2421" "/zhome/6e/9/133731/Desktop/Thesis/Thesis/Code/Coefficient_optimization/neldermead_optimization/Single_step_predictions/ARIMAX/S2/CO_singlestep_ARIMAX_S2.r" "/zhome/6e/9/133731/Desktop/Thesis/Thesis/Code/Coefficient_optimization/neldermead_optimization/Single_step_predictions/ARIMAX/S2/OandE/job2421.Rout"

------------------------------------------------------------

TERM_RUNLIMIT: job killed after reaching LSF run time limit.
Exited with exit code 140.

Resource usage summary:

    CPU time :                                   43222.00 sec.
    Max Memory :                                 77 MB
    Average Memory :                             65.97 MB
    Total Requested Memory :                     2048.00 MB
    Delta Memory :                               1971.00 MB
    Max Swap :                                   7 MB
    Max Processes :                              5
    Max Threads :                                6
    Run time :                                   43230 sec.
    Turnaround time :                            104890 sec.

The output (if any) is above this job summary.



PS:

Read file <OandE/Error_7369317.err> for stderr output of this job.

