
------------------------------------------------------------
Sender: LSF System <lsfadmin@n-62-23-21>
Subject: Job 7847458: <My_Application> in cluster <dcc> Done

Job <My_Application> was submitted from host <gbarlogin1> by user <s181320> in cluster <dcc> at Thu Jul 30 20:22:22 2020
Job was executed on host(s) <n-62-23-21>, in queue <hpc>, as user <s181320> in cluster <dcc> at Fri Jul 31 02:04:04 2020
</zhome/6e/9/133731> was used as the home directory.
</zhome/6e/9/133731/Desktop/UpdateMS/Code/Coefficient_optimization/neldermead_optimization/Multi_step_predictions/Job_splitting/ARIMAX/S2> was used as the working directory.
Started at Fri Jul 31 02:04:04 2020
Terminated at Fri Jul 31 03:15:51 2020
Results reported at Fri Jul 31 03:15:51 2020

Your job looked like:

------------------------------------------------------------
# LSBATCH: User input
#!/bin/bash -l
#BSUB -env none
### -- Name of the job ---
#BSUB -J My_Application
### -- estimated wall clock time (execution time): hh:mm:ss --
#BSUB -W 12:00
### -- number of processors/cores/nodes --
#BSUB -M 2GB
#BSUB -n 1
#BSUB -o OandE/Output_%J.out
#BSUB -e OandE/Error_%J.err
#LSB_JOB_REPORT_MAIL=N
/appl/R/bin/R-3.5.1 CMD BATCH --vanilla  "-255" "/zhome/6e/9/133731/Desktop/UpdateMS/Code/Coefficient_optimization/neldermead_optimization/Multi_step_predictions/Job_splitting/ARIMAX/S2/CO_ARIMAX_s2.r" "/zhome/6e/9/133731/Desktop/UpdateMS/Code/Coefficient_optimization/neldermead_optimization/Multi_step_predictions/Job_splitting/ARIMAX/S2/OandE/job255.Rout"

------------------------------------------------------------

Successfully completed.

Resource usage summary:

    CPU time :                                   4306.84 sec.
    Max Memory :                                 157 MB
    Average Memory :                             135.26 MB
    Total Requested Memory :                     2048.00 MB
    Delta Memory :                               1891.00 MB
    Max Swap :                                   -
    Max Processes :                              5
    Max Threads :                                6
    Run time :                                   4308 sec.
    Turnaround time :                            24809 sec.

The output (if any) is above this job summary.



PS:

Read file <OandE/Error_7847458.err> for stderr output of this job.

