
------------------------------------------------------------
Sender: LSF System <lsfadmin@n-62-21-99>
Subject: Job 7851407: <My_Application> in cluster <dcc> Done

Job <My_Application> was submitted from host <gbarlogin1> by user <s181320> in cluster <dcc> at Fri Jul 31 14:17:24 2020
Job was executed on host(s) <n-62-21-99>, in queue <hpc>, as user <s181320> in cluster <dcc> at Sat Aug  1 06:25:03 2020
</zhome/6e/9/133731> was used as the home directory.
</zhome/6e/9/133731/Desktop/UpdateMS/Code/Coefficient_optimization/neldermead_optimization/Multi_step_predictions/Job_splitting/ARIMAX/S2> was used as the working directory.
Started at Sat Aug  1 06:25:03 2020
Terminated at Sat Aug  1 17:19:57 2020
Results reported at Sat Aug  1 17:19:57 2020

Your job looked like:

------------------------------------------------------------
# LSBATCH: User input
#!/bin/bash -l
#BSUB -env none
### -- Name of the job ---
#BSUB -J My_Application
### -- estimated wall clock time (execution time): hh:mm:ss --
#BSUB -W 12:00
### -- number of processors/cores/nodes --
#BSUB -M 2GB
#BSUB -n 1
#BSUB -o OandE/Output_%J.out
#BSUB -e OandE/Error_%J.err
#LSB_JOB_REPORT_MAIL=N
/appl/R/bin/R-3.5.1 CMD BATCH --vanilla  "-2391" "/zhome/6e/9/133731/Desktop/UpdateMS/Code/Coefficient_optimization/neldermead_optimization/Multi_step_predictions/Job_splitting/ARIMAX/S2/CO_ARIMAX_s2.r" "/zhome/6e/9/133731/Desktop/UpdateMS/Code/Coefficient_optimization/neldermead_optimization/Multi_step_predictions/Job_splitting/ARIMAX/S2/OandE/job2391.Rout"

------------------------------------------------------------

Successfully completed.

Resource usage summary:

    CPU time :                                   39275.04 sec.
    Max Memory :                                 163 MB
    Average Memory :                             131.93 MB
    Total Requested Memory :                     2048.00 MB
    Delta Memory :                               1885.00 MB
    Max Swap :                                   -
    Max Processes :                              5
    Max Threads :                                6
    Run time :                                   39294 sec.
    Turnaround time :                            97353 sec.

The output (if any) is above this job summary.



PS:

Read file <OandE/Error_7851407.err> for stderr output of this job.

