
------------------------------------------------------------
Sender: LSF System <lsfadmin@n-62-21-98>
Subject: Job 7851439: <My_Application> in cluster <dcc> Exited

Job <My_Application> was submitted from host <gbarlogin1> by user <s181320> in cluster <dcc> at Fri Jul 31 14:17:43 2020
Job was executed on host(s) <n-62-21-98>, in queue <hpc>, as user <s181320> in cluster <dcc> at Sat Aug  1 07:09:07 2020
</zhome/6e/9/133731> was used as the home directory.
</zhome/6e/9/133731/Desktop/UpdateMS/Code/Coefficient_optimization/neldermead_optimization/Multi_step_predictions/Job_splitting/ARIMAX/S2> was used as the working directory.
Started at Sat Aug  1 07:09:07 2020
Terminated at Sat Aug  1 18:40:20 2020
Results reported at Sat Aug  1 18:40:20 2020

Your job looked like:

------------------------------------------------------------
# LSBATCH: User input
#!/bin/bash -l
#BSUB -env none
### -- Name of the job ---
#BSUB -J My_Application
### -- estimated wall clock time (execution time): hh:mm:ss --
#BSUB -W 12:00
### -- number of processors/cores/nodes --
#BSUB -M 2GB
#BSUB -n 1
#BSUB -o OandE/Output_%J.out
#BSUB -e OandE/Error_%J.err
#LSB_JOB_REPORT_MAIL=N
/appl/R/bin/R-3.5.1 CMD BATCH --vanilla  "-2420" "/zhome/6e/9/133731/Desktop/UpdateMS/Code/Coefficient_optimization/neldermead_optimization/Multi_step_predictions/Job_splitting/ARIMAX/S2/CO_ARIMAX_s2.r" "/zhome/6e/9/133731/Desktop/UpdateMS/Code/Coefficient_optimization/neldermead_optimization/Multi_step_predictions/Job_splitting/ARIMAX/S2/OandE/job2420.Rout"

------------------------------------------------------------

TERM_OWNER: job killed by owner.
Exited with exit code 1.

Resource usage summary:

    CPU time :                                   41470.77 sec.
    Max Memory :                                 74 MB
    Average Memory :                             71.98 MB
    Total Requested Memory :                     2048.00 MB
    Delta Memory :                               1974.00 MB
    Max Swap :                                   -
    Max Processes :                              5
    Max Threads :                                6
    Run time :                                   41474 sec.
    Turnaround time :                            102157 sec.

The output (if any) is above this job summary.



PS:

Read file <OandE/Error_7851439.err> for stderr output of this job.

