
------------------------------------------------------------
Sender: LSF System <lsfadmin@n-62-21-98>
Subject: Job 7823024: <My_Application> in cluster <dcc> Done

Job <My_Application> was submitted from host <gbarlogin1> by user <s181320> in cluster <dcc> at Wed Jul 29 15:11:35 2020
Job was executed on host(s) <n-62-21-98>, in queue <hpc>, as user <s181320> in cluster <dcc> at Thu Jul 30 05:44:19 2020
</zhome/6e/9/133731> was used as the home directory.
</zhome/6e/9/133731/Desktop/UpdateMS/Code/Coefficient_optimization/neldermead_optimization/Multi_step_predictions/Job_splitting/ARIMA/S2> was used as the working directory.
Started at Thu Jul 30 05:44:19 2020
Terminated at Thu Jul 30 06:47:11 2020
Results reported at Thu Jul 30 06:47:11 2020

Your job looked like:

------------------------------------------------------------
# LSBATCH: User input
#!/bin/bash -l
#BSUB -env none
### -- Name of the job ---
#BSUB -J My_Application
### -- estimated wall clock time (execution time): hh:mm:ss --
#BSUB -W 48:00
### -- number of processors/cores/nodes --
#BSUB -M 2GB
#BSUB -n 1
#BSUB -o OandE/Output_%J.out
#BSUB -e OandE/Error_%J.err
#LSB_JOB_REPORT_MAIL=N
/appl/R/bin/R-3.5.1 CMD BATCH --vanilla  "-87" "/zhome/6e/9/133731/Desktop/UpdateMS/Code/Coefficient_optimization/neldermead_optimization/Multi_step_predictions/Job_splitting/ARIMA/S2/CO_ARIMA_s2.r" "/zhome/6e/9/133731/Desktop/UpdateMS/Code/Coefficient_optimization/neldermead_optimization/Multi_step_predictions/Job_splitting/ARIMA/S2/OandE/job87.Rout"

------------------------------------------------------------

Successfully completed.

Resource usage summary:

    CPU time :                                   3771.20 sec.
    Max Memory :                                 158 MB
    Average Memory :                             133.36 MB
    Total Requested Memory :                     2048.00 MB
    Delta Memory :                               1890.00 MB
    Max Swap :                                   2 MB
    Max Processes :                              5
    Max Threads :                                6
    Run time :                                   3772 sec.
    Turnaround time :                            56136 sec.

The output (if any) is above this job summary.



PS:

Read file <OandE/Error_7823024.err> for stderr output of this job.

