
------------------------------------------------------------
Sender: LSF System <lsfadmin@n-62-28-34>
Subject: Job 7846559: <My_Application> in cluster <dcc> Exited

Job <My_Application> was submitted from host <gbarlogin1> by user <s181320> in cluster <dcc> at Thu Jul 30 18:47:53 2020
Job was executed on host(s) <n-62-28-34>, in queue <hpc>, as user <s181320> in cluster <dcc> at Thu Jul 30 19:55:33 2020
</zhome/6e/9/133731> was used as the home directory.
</zhome/6e/9/133731/Desktop/UpdateMS/Code/Coefficient_optimization/dds_optimization/Multi_step_predictions/ARIMAX/S2> was used as the working directory.
Started at Thu Jul 30 19:55:33 2020
Terminated at Fri Jul 31 07:55:59 2020
Results reported at Fri Jul 31 07:55:59 2020

Your job looked like:

------------------------------------------------------------
# LSBATCH: User input
#!/bin/bash -l
#BSUB -env none
### -- Name of the job ---
#BSUB -J My_Application
### -- estimated wall clock time (execution time): hh:mm:ss --
#BSUB -W 12:00
### -- number of processors/cores/nodes --
#BSUB -M 2GB
#BSUB -n 1
#BSUB -o OandE/Output_%J.out
#BSUB -e OandE/Error_%J.err
#LSB_JOB_REPORT_MAIL=N
/appl/R/bin/R-3.5.1 CMD BATCH --vanilla  "-1782" "/zhome/6e/9/133731/Desktop/UpdateMS/Code/Coefficient_optimization/dds_optimization/Multi_step_predictions/ARIMAX/S2/CO_ARIMAX_s2.r" "/zhome/6e/9/133731/Desktop/UpdateMS/Code/Coefficient_optimization/dds_optimization/Multi_step_predictions/ARIMAX/S2/OandE/job1782.Rout"

------------------------------------------------------------

TERM_RUNLIMIT: job killed after reaching LSF run time limit.
Exited with exit code 140.

Resource usage summary:

    CPU time :                                   43224.00 sec.
    Max Memory :                                 75 MB
    Average Memory :                             70.85 MB
    Total Requested Memory :                     2048.00 MB
    Delta Memory :                               1973.00 MB
    Max Swap :                                   -
    Max Processes :                              5
    Max Threads :                                6
    Run time :                                   43228 sec.
    Turnaround time :                            47286 sec.

The output (if any) is above this job summary.



PS:

Read file <OandE/Error_7846559.err> for stderr output of this job.

