
------------------------------------------------------------
Sender: LSF System <lsfadmin@n-62-28-34>
Subject: Job 7845087: <My_Application> in cluster <dcc> Done

Job <My_Application> was submitted from host <gbarlogin1> by user <s181320> in cluster <dcc> at Thu Jul 30 16:30:08 2020
Job was executed on host(s) <n-62-28-34>, in queue <hpc>, as user <s181320> in cluster <dcc> at Thu Jul 30 17:34:08 2020
</zhome/6e/9/133731> was used as the home directory.
</zhome/6e/9/133731/Desktop/UpdateMS/Code/Coefficient_optimization/dds_optimization/Multi_step_predictions/ARIMAX/S2> was used as the working directory.
Started at Thu Jul 30 17:34:08 2020
Terminated at Thu Jul 30 17:46:07 2020
Results reported at Thu Jul 30 17:46:07 2020

Your job looked like:

------------------------------------------------------------
# LSBATCH: User input
#!/bin/bash -l
#BSUB -env none
### -- Name of the job ---
#BSUB -J My_Application
### -- estimated wall clock time (execution time): hh:mm:ss --
#BSUB -W 12:00
### -- number of processors/cores/nodes --
#BSUB -M 2GB
#BSUB -n 1
#BSUB -o OandE/Output_%J.out
#BSUB -e OandE/Error_%J.err
#LSB_JOB_REPORT_MAIL=N
/appl/R/bin/R-3.5.1 CMD BATCH --vanilla  "-534" "/zhome/6e/9/133731/Desktop/UpdateMS/Code/Coefficient_optimization/dds_optimization/Multi_step_predictions/ARIMAX/S2/CO_ARIMAX_s2.r" "/zhome/6e/9/133731/Desktop/UpdateMS/Code/Coefficient_optimization/dds_optimization/Multi_step_predictions/ARIMAX/S2/OandE/job534.Rout"

------------------------------------------------------------

Successfully completed.

Resource usage summary:

    CPU time :                                   718.47 sec.
    Max Memory :                                 148 MB
    Average Memory :                             131.04 MB
    Total Requested Memory :                     2048.00 MB
    Delta Memory :                               1900.00 MB
    Max Swap :                                   -
    Max Processes :                              6
    Max Threads :                                7
    Run time :                                   747 sec.
    Turnaround time :                            4559 sec.

The output (if any) is above this job summary.



PS:

Read file <OandE/Error_7845087.err> for stderr output of this job.

