
------------------------------------------------------------
Sender: LSF System <lsfadmin@n-62-28-30>
Subject: Job 7038256: <My_Application> in cluster <dcc> Exited

Job <My_Application> was submitted from host <gbarlogin1> by user <s181320> in cluster <dcc> at Sun May 31 13:05:55 2020
Job was executed on host(s) <n-62-28-30>, in queue <hpc>, as user <s181320> in cluster <dcc> at Sun May 31 23:10:47 2020
</zhome/6e/9/133731> was used as the home directory.
</zhome/6e/9/133731/Desktop/Thesis/Thesis/Code/Coefficient_optimization/Single_step_predictions/HPC/ARIMAX/S2> was used as the working directory.
Started at Sun May 31 23:10:47 2020
Terminated at Mon Jun  1 11:11:16 2020
Results reported at Mon Jun  1 11:11:16 2020

Your job looked like:

------------------------------------------------------------
# LSBATCH: User input
#!/bin/bash -l
#BSUB -env none
### -- Name of the job ---
#BSUB -J My_Application
### -- estimated wall clock time (execution time): hh:mm:ss --
#BSUB -W 12:00
### -- number of processors/cores/nodes --
#BSUB -M 2GB
#BSUB -n 1
#BSUB -o OandE/Output_%J.out
#BSUB -e OandE/Error_%J.err
#LSB_JOB_REPORT_MAIL=N
/appl/R/bin/R-3.5.1 CMD BATCH --vanilla  "-459" "/zhome/6e/9/133731/Desktop/Thesis/Thesis/Code/Coefficient_optimization/Single_step_predictions/HPC/ARIMAX/S2/CO_singlestep_ARIMAX_S2.r" "/zhome/6e/9/133731/Desktop/Thesis/Thesis/Code/Coefficient_optimization/Single_step_predictions/HPC/ARIMAX/S2/OandE/job459.Rout"

------------------------------------------------------------

TERM_RUNLIMIT: job killed after reaching LSF run time limit.
Exited with exit code 140.

Resource usage summary:

    CPU time :                                   43228.00 sec.
    Max Memory :                                 82 MB
    Average Memory :                             72.00 MB
    Total Requested Memory :                     2048.00 MB
    Delta Memory :                               1966.00 MB
    Max Swap :                                   -
    Max Processes :                              5
    Max Threads :                                6
    Run time :                                   43229 sec.
    Turnaround time :                            79521 sec.

The output (if any) is above this job summary.



PS:

Read file <OandE/Error_7038256.err> for stderr output of this job.

