
------------------------------------------------------------
Sender: LSF System <lsfadmin@n-62-21-102>
Subject: Job 7028607: <My_Application> in cluster <dcc> Done

Job <My_Application> was submitted from host <gbarlogin1> by user <s181320> in cluster <dcc> at Fri May 29 14:18:52 2020
Job was executed on host(s) <n-62-21-102>, in queue <hpc>, as user <s181320> in cluster <dcc> at Sat May 30 15:13:53 2020
</zhome/6e/9/133731> was used as the home directory.
</zhome/6e/9/133731/Desktop/Thesis/Thesis/Code/Coefficient_optimization/Single_step_predictions/HPC/ARIMAX/S1> was used as the working directory.
Started at Sat May 30 15:13:53 2020
Terminated at Sat May 30 15:48:27 2020
Results reported at Sat May 30 15:48:27 2020

Your job looked like:

------------------------------------------------------------
# LSBATCH: User input
#!/bin/bash -l
#BSUB -env none
### -- Name of the job ---
#BSUB -J My_Application
### -- estimated wall clock time (execution time): hh:mm:ss --
#BSUB -W 12:00
### -- number of processors/cores/nodes --
#BSUB -M 2GB
#BSUB -n 1
#BSUB -o OandE/Output_%J.out
#BSUB -e OandE/Error_%J.err
#LSB_JOB_REPORT_MAIL=N
/appl/R/bin/R-3.5.1 CMD BATCH --vanilla  "-1648" "/zhome/6e/9/133731/Desktop/Thesis/Thesis/Code/Coefficient_optimization/Single_step_predictions/HPC/ARIMAX/S1/CO_singlestep_ARIMAX_S1.r" "/zhome/6e/9/133731/Desktop/Thesis/Thesis/Code/Coefficient_optimization/Single_step_predictions/HPC/ARIMAX/S1/OandE/job1648.Rout"

------------------------------------------------------------

Successfully completed.

Resource usage summary:

    CPU time :                                   2073.13 sec.
    Max Memory :                                 130 MB
    Average Memory :                             122.42 MB
    Total Requested Memory :                     2048.00 MB
    Delta Memory :                               1918.00 MB
    Max Swap :                                   -
    Max Processes :                              5
    Max Threads :                                6
    Run time :                                   2074 sec.
    Turnaround time :                            91775 sec.

The output (if any) is above this job summary.



PS:

Read file <OandE/Error_7028607.err> for stderr output of this job.

