
------------------------------------------------------------
Sender: LSF System <lsfadmin@n-62-21-100>
Subject: Job 7036611: <My_Application> in cluster <dcc> Exited

Job <My_Application> was submitted from host <gbarlogin1> by user <s181320> in cluster <dcc> at Sat May 30 17:42:41 2020
Job was executed on host(s) <n-62-21-100>, in queue <hpc>, as user <s181320> in cluster <dcc> at Sat May 30 21:47:45 2020
</zhome/6e/9/133731> was used as the home directory.
</zhome/6e/9/133731/Desktop/Thesis/Thesis/Code/Coefficient_optimization/Single_step_predictions/HPC/ARIMAX/S1> was used as the working directory.
Started at Sat May 30 21:47:45 2020
Terminated at Sun May 31 09:48:12 2020
Results reported at Sun May 31 09:48:12 2020

Your job looked like:

------------------------------------------------------------
# LSBATCH: User input
#!/bin/bash -l
#BSUB -env none
### -- Name of the job ---
#BSUB -J My_Application
### -- estimated wall clock time (execution time): hh:mm:ss --
#BSUB -W 12:00
### -- number of processors/cores/nodes --
#BSUB -M 2GB
#BSUB -n 1
#BSUB -o OandE/Output_%J.out
#BSUB -e OandE/Error_%J.err
#LSB_JOB_REPORT_MAIL=N
/appl/R/bin/R-3.5.1 CMD BATCH --vanilla  "-1902" "/zhome/6e/9/133731/Desktop/Thesis/Thesis/Code/Coefficient_optimization/Single_step_predictions/HPC/ARIMAX/S1/CO_singlestep_ARIMAX_S1.r" "/zhome/6e/9/133731/Desktop/Thesis/Thesis/Code/Coefficient_optimization/Single_step_predictions/HPC/ARIMAX/S1/OandE/job1902.Rout"

------------------------------------------------------------

TERM_RUNLIMIT: job killed after reaching LSF run time limit.
Exited with exit code 140.

Resource usage summary:

    CPU time :                                   43224.00 sec.
    Max Memory :                                 79 MB
    Average Memory :                             76.99 MB
    Total Requested Memory :                     2048.00 MB
    Delta Memory :                               1969.00 MB
    Max Swap :                                   -
    Max Processes :                              5
    Max Threads :                                6
    Run time :                                   43226 sec.
    Turnaround time :                            57931 sec.

The output (if any) is above this job summary.



PS:

Read file <OandE/Error_7036611.err> for stderr output of this job.

