
------------------------------------------------------------
Sender: LSF System <lsfadmin@n-62-23-24>
Subject: Job 6989100: <My_Application> in cluster <dcc> Done

Job <My_Application> was submitted from host <gbarlogin1> by user <s181320> in cluster <dcc> at Thu May 28 02:31:50 2020
Job was executed on host(s) <n-62-23-24>, in queue <hpc>, as user <s181320> in cluster <dcc> at Thu May 28 20:52:28 2020
</zhome/6e/9/133731> was used as the home directory.
</zhome/6e/9/133731/Desktop/Thesis/Thesis/Code/Coefficient_optimization/Single_step_predictions/HPC/ARIMAX/S1> was used as the working directory.
Started at Thu May 28 20:52:28 2020
Terminated at Thu May 28 21:42:44 2020
Results reported at Thu May 28 21:42:44 2020

Your job looked like:

------------------------------------------------------------
# LSBATCH: User input
#!/bin/bash -l
#BSUB -env none
### -- Name of the job ---
#BSUB -J My_Application
### -- estimated wall clock time (execution time): hh:mm:ss --
#BSUB -W 12:00
### -- number of processors/cores/nodes --
#BSUB -M 2GB
#BSUB -n 1
#BSUB -o OandE/Output_%J.out
#BSUB -e OandE/Error_%J.err
#LSB_JOB_REPORT_MAIL=N
/appl/R/bin/R-3.5.1 CMD BATCH --vanilla  "-690" "/zhome/6e/9/133731/Desktop/Thesis/Thesis/Code/Coefficient_optimization/Single_step_predictions/HPC/ARIMAX/S1/CO_singlestep_ARIMAX_S1.r" "/zhome/6e/9/133731/Desktop/Thesis/Thesis/Code/Coefficient_optimization/Single_step_predictions/HPC/ARIMAX/S1/OandE/job690.Rout"

------------------------------------------------------------

Successfully completed.

Resource usage summary:

    CPU time :                                   3014.09 sec.
    Max Memory :                                 127 MB
    Average Memory :                             118.90 MB
    Total Requested Memory :                     2048.00 MB
    Delta Memory :                               1921.00 MB
    Max Swap :                                   -
    Max Processes :                              5
    Max Threads :                                6
    Run time :                                   3016 sec.
    Turnaround time :                            69054 sec.

The output (if any) is above this job summary.



PS:

Read file <OandE/Error_6989100.err> for stderr output of this job.

