/zhome/6e/9/133731/.lsbatch/1587505658.6266169.shell: line 3: syntax error near unexpected token `('
/zhome/6e/9/133731/.lsbatch/1587505658.6266169.shell: line 3: `cores <- as.numeric(Sys.getenv('LSB_DJOB_NUMPROC'))'

------------------------------------------------------------
Sender: LSF System <lsfadmin@n-62-21-103>
Subject: Job 6266169: <NONAME> in cluster <dcc> Exited

Job <NONAME> was submitted from host <gbarlogin1> by user <s181320> in cluster <dcc> at Tue Apr 21 23:47:38 2020
Job was executed on host(s) <n-62-21-103>, in queue <hpc>, as user <s181320> in cluster <dcc> at Tue Apr 21 23:47:38 2020
</zhome/6e/9/133731> was used as the home directory.
</zhome/6e/9/133731/Desktop/Thesis/Thesis/Code/Coefficient optimization/Multi step predictions/HPC> was used as the working directory.
Started at Tue Apr 21 23:47:38 2020
Terminated at Tue Apr 21 23:47:39 2020
Results reported at Tue Apr 21 23:47:39 2020

Your job looked like:

------------------------------------------------------------
# LSBATCH: User input


cores <- as.numeric(Sys.getenv('LSB_DJOB_NUMPROC'))
setwd("/zhome/6e/9/133731/Desktop/Thesis/Thesis")
#cores = parallel::detectCores()
source("Code/Coefficient optimization/Multi step predictions/HPC/meta_optim.R")


##################### Reading in data ##################### 
s1_training <-  read.csv("Data/Training data/s1_training.txt", header = TRUE, sep = "\t")
s1 <- s1_training$Value
s1_wwIndex <- read.csv("Data/Training data/s1_WW_training.txt", header = TRUE, sep = "\t")


##################### Parameters ##################### 
MAX <- 8
x <- expand.grid(0:MAX, 0:2, 0:MAX)
colnames(x) <- c("p", "d", "q")

##################### Optimization for Dammning (station 1) ##################### 

## training data and observed data are the same but ts is modified within functions before calculating the residuals
ts <- s1 
observed <- s1
wwIndex <- s1_wwIndex$Flag


system.time(
  CO_s1 <- parallel::mclapply(1:nrow(x), function(i){
    temp <- as.matrix(x[i,])
    temp <- c(temp[1], temp[2], temp[3])
    start_time <- Sys.time()
    results <- meta_optim(temp, external_regressor = FALSE)
    end_time <- Sys.time()
    time_taken <- end_time - start_time
    print(paste("Order: ", "(", temp[1], ", ", temp[2], ", ", temp[3], ")", " takes ", signif(time_taken, 4), " seconds to optimize", sep = ""))
  }, mc.cores = cores, mc.allow.recursive = TRUE, mc.preschedule=FALSE)
)


save(CO_s1, file = "Code/Coefficient optimization/Multi step predictions/HPC/CO_multistep_arima_s1.RData")


------------------------------------------------------------

Exited with exit code 2.

Resource usage summary:

    CPU time :                                   0.26 sec.
    Max Memory :                                 -
    Average Memory :                             -
    Total Requested Memory :                     1024.00 MB
    Delta Memory :                               -
    Max Swap :                                   -
    Max Processes :                              -
    Max Threads :                                -
    Run time :                                   1 sec.
    Turnaround time :                            1 sec.

The output (if any) is above this job summary.

